<?xml version="1.0" encoding="UTF-8"?>
<!-- Generated by org.testng.reporters.JUnitXMLReporter -->
<testsuite hostname="DESKTOP-353OLDC" ignored="0" name="Test" tests="4" failures="0" timestamp="14 Oct 2017 10:25:44 GMT" time="42.32" errors="0">
  <testcase name="runFeature" time="18.372" classname="runner.TestNgRunner"/>
  <testcase name="runFeature" time="23.781" classname="runner.TestNgRunner"/>
  <testcase name="runFeature" time="18.47" classname="runner.TestNgRunner"/>
  <testcase name="runFeature" time="18.032" classname="runner.TestNgRunner"/>
</testsuite> <!-- Test -->
